<?xml version="1.0" encoding="UTF-8"?>
<!-- Generated by org.testng.reporters.JUnitXMLReporter -->
<testsuite hostname="animishr-WS" name="Default test" tests="3" failures="0" timestamp="13 May 2014 02:09:49 GMT" time="0.16" errors="0">
  <testcase name="testQuickSort" time="0.13" classname="com.ds.sorting.QuickSortTestNg"/>
  <testcase name="testQuickSort" time="0.0" classname="com.ds.sorting.QuickSortTestNg"/>
  <testcase name="testQuickSort" time="0.0" classname="com.ds.sorting.QuickSortTestNg"/>
</testsuite> <!-- Default test -->
