<?xml version="1.0" encoding="UTF-8"?>
<testng-results skipped="0" failed="0" total="3" passed="3">
  <reporter-output>
  </reporter-output>
  <suite name="Default suite" duration-ms="160" started-at="2014-05-13T02:09:49Z" finished-at="2014-05-13T02:09:49Z">
    <groups>
    </groups>
    <test name="Default test" duration-ms="160" started-at="2014-05-13T02:09:49Z" finished-at="2014-05-13T02:09:49Z">
      <class name="com.ds.sorting.QuickSortTestNg">
        <test-method status="PASS" signature="testQuickSort([Ljava.lang.Integer;, [Ljava.lang.Integer;)[pri:0, instance:com.ds.sorting.QuickSortTestNg@499aed36]" name="testQuickSort" duration-ms="130" started-at="2014-05-13T07:39:49Z" data-provider="ValidDataProvider" finished-at="2014-05-13T07:39:49Z">
          <params>
            <param index="0">
              <value>
                <![CDATA[[Ljava.lang.Integer;@5abd4570]]>
              </value>
            </param>
            <param index="1">
              <value>
                <![CDATA[[Ljava.lang.Integer;@4019ea9a]]>
              </value>
            </param>
          </params>
          <reporter-output>
          </reporter-output>
        </test-method> <!-- testQuickSort -->
        <test-method status="PASS" signature="testQuickSort([Ljava.lang.Integer;, [Ljava.lang.Integer;)[pri:0, instance:com.ds.sorting.QuickSortTestNg@499aed36]" name="testQuickSort" duration-ms="0" started-at="2014-05-13T07:39:49Z" data-provider="ValidDataProvider" finished-at="2014-05-13T07:39:49Z">
          <params>
            <param index="0">
              <value>
                <![CDATA[[Ljava.lang.Integer;@65794556]]>
              </value>
            </param>
            <param index="1">
              <value>
                <![CDATA[[Ljava.lang.Integer;@7cb74525]]>
              </value>
            </param>
          </params>
          <reporter-output>
          </reporter-output>
        </test-method> <!-- testQuickSort -->
        <test-method status="PASS" signature="testQuickSort([Ljava.lang.Integer;, [Ljava.lang.Integer;)[pri:0, instance:com.ds.sorting.QuickSortTestNg@499aed36]" name="testQuickSort" duration-ms="0" started-at="2014-05-13T07:39:49Z" data-provider="ValidDataProvider" finished-at="2014-05-13T07:39:49Z">
          <params>
            <param index="0">
              <value>
                <![CDATA[[Ljava.lang.Integer;@641cc01a]]>
              </value>
            </param>
            <param index="1">
              <value>
                <![CDATA[[Ljava.lang.Integer;@1b881e4f]]>
              </value>
            </param>
          </params>
          <reporter-output>
          </reporter-output>
        </test-method> <!-- testQuickSort -->
      </class> <!-- com.ds.sorting.QuickSortTestNg -->
    </test> <!-- Default test -->
  </suite> <!-- Default suite -->
</testng-results>
